<?xml version="1.0" encoding="UTF-8"?>
<testsuite xmlns:xsi="http://www.w3.org/2001/XMLSchema-instance" xsi:noNamespaceSchemaLocation="https://maven.apache.org/surefire/maven-surefire-plugin/xsd/surefire-test-report.xsd" name="com.shan.BlogApiApplicationTests" time="6.294" tests="1" errors="0" skipped="0" failures="0">
  <properties>
    <property name="sun.desktop" value="windows"/>
    <property name="awt.toolkit" value="sun.awt.windows.WToolkit"/>
    <property name="file.encoding.pkg" value="sun.io"/>
    <property name="java.specification.version" value="1.8"/>
    <property name="sun.cpu.isalist" value="amd64"/>
    <property name="sun.jnu.encoding" value="GBK"/>
    <property name="java.class.path" value="F:\springbootProjects\shanBlog\blog-parent\blog-api\target\test-classes;F:\springbootProjects\shanBlog\blog-parent\blog-api\target\classes;E:\environment\mavenEvironment\apache-maven-3.6.1\maven-repo\org\springframework\boot\spring-boot-starter\2.5.0\spring-boot-starter-2.5.0.jar;E:\environment\mavenEvironment\apache-maven-3.6.1\maven-repo\org\springframework\boot\spring-boot\2.5.0\spring-boot-2.5.0.jar;E:\environment\mavenEvironment\apache-maven-3.6.1\maven-repo\org\springframework\spring-context\5.3.7\spring-context-5.3.7.jar;E:\environment\mavenEvironment\apache-maven-3.6.1\maven-repo\org\springframework\boot\spring-boot-autoconfigure\2.5.0\spring-boot-autoconfigure-2.5.0.jar;E:\environment\mavenEvironment\apache-maven-3.6.1\maven-repo\jakarta\annotation\jakarta.annotation-api\1.3.5\jakarta.annotation-api-1.3.5.jar;E:\environment\mavenEvironment\apache-maven-3.6.1\maven-repo\org\springframework\spring-core\5.3.7\spring-core-5.3.7.jar;E:\environment\mavenEvironment\apache-maven-3.6.1\maven-repo\org\springframework\spring-jcl\5.3.7\spring-jcl-5.3.7.jar;E:\environment\mavenEvironment\apache-maven-3.6.1\maven-repo\org\yaml\snakeyaml\1.28\snakeyaml-1.28.jar;E:\environment\mavenEvironment\apache-maven-3.6.1\maven-repo\org\springframework\boot\spring-boot-starter-log4j2\2.5.0\spring-boot-starter-log4j2-2.5.0.jar;E:\environment\mavenEvironment\apache-maven-3.6.1\maven-repo\org\apache\logging\log4j\log4j-slf4j-impl\2.14.1\log4j-slf4j-impl-2.14.1.jar;E:\environment\mavenEvironment\apache-maven-3.6.1\maven-repo\org\slf4j\slf4j-api\1.7.30\slf4j-api-1.7.30.jar;E:\environment\mavenEvironment\apache-maven-3.6.1\maven-repo\org\apache\logging\log4j\log4j-api\2.14.1\log4j-api-2.14.1.jar;E:\environment\mavenEvironment\apache-maven-3.6.1\maven-repo\org\apache\logging\log4j\log4j-core\2.14.1\log4j-core-2.14.1.jar;E:\environment\mavenEvironment\apache-maven-3.6.1\maven-repo\org\apache\logging\log4j\log4j-jul\2.14.1\log4j-jul-2.14.1.jar;E:\environment\mavenEvironment\apache-maven-3.6.1\maven-repo\org\slf4j\jul-to-slf4j\1.7.30\jul-to-slf4j-1.7.30.jar;E:\environment\mavenEvironment\apache-maven-3.6.1\maven-repo\org\springframework\boot\spring-boot-starter-aop\2.5.0\spring-boot-starter-aop-2.5.0.jar;E:\environment\mavenEvironment\apache-maven-3.6.1\maven-repo\org\springframework\spring-aop\5.3.7\spring-aop-5.3.7.jar;E:\environment\mavenEvironment\apache-maven-3.6.1\maven-repo\org\springframework\spring-beans\5.3.7\spring-beans-5.3.7.jar;E:\environment\mavenEvironment\apache-maven-3.6.1\maven-repo\org\aspectj\aspectjweaver\1.9.6\aspectjweaver-1.9.6.jar;E:\environment\mavenEvironment\apache-maven-3.6.1\maven-repo\org\springframework\boot\spring-boot-starter-mail\2.5.0\spring-boot-starter-mail-2.5.0.jar;E:\environment\mavenEvironment\apache-maven-3.6.1\maven-repo\org\springframework\spring-context-support\5.3.7\spring-context-support-5.3.7.jar;E:\environment\mavenEvironment\apache-maven-3.6.1\maven-repo\com\sun\mail\jakarta.mail\1.6.7\jakarta.mail-1.6.7.jar;E:\environment\mavenEvironment\apache-maven-3.6.1\maven-repo\com\sun\activation\jakarta.activation\1.2.2\jakarta.activation-1.2.2.jar;E:\environment\mavenEvironment\apache-maven-3.6.1\maven-repo\org\springframework\boot\spring-boot-starter-web\2.5.0\spring-boot-starter-web-2.5.0.jar;E:\environment\mavenEvironment\apache-maven-3.6.1\maven-repo\org\springframework\boot\spring-boot-starter-json\2.5.0\spring-boot-starter-json-2.5.0.jar;E:\environment\mavenEvironment\apache-maven-3.6.1\maven-repo\com\fasterxml\jackson\datatype\jackson-datatype-jdk8\2.12.3\jackson-datatype-jdk8-2.12.3.jar;E:\environment\mavenEvironment\apache-maven-3.6.1\maven-repo\com\fasterxml\jackson\datatype\jackson-datatype-jsr310\2.12.3\jackson-datatype-jsr310-2.12.3.jar;E:\environment\mavenEvironment\apache-maven-3.6.1\maven-repo\com\fasterxml\jackson\module\jackson-module-parameter-names\2.12.3\jackson-module-parameter-names-2.12.3.jar;E:\environment\mavenEvironment\apache-maven-3.6.1\maven-repo\org\springframework\boot\spring-boot-starter-tomcat\2.5.0\spring-boot-starter-tomcat-2.5.0.jar;E:\environment\mavenEvironment\apache-maven-3.6.1\maven-repo\org\apache\tomcat\embed\tomcat-embed-core\9.0.46\tomcat-embed-core-9.0.46.jar;E:\environment\mavenEvironment\apache-maven-3.6.1\maven-repo\org\apache\tomcat\embed\tomcat-embed-el\9.0.46\tomcat-embed-el-9.0.46.jar;E:\environment\mavenEvironment\apache-maven-3.6.1\maven-repo\org\apache\tomcat\embed\tomcat-embed-websocket\9.0.46\tomcat-embed-websocket-9.0.46.jar;E:\environment\mavenEvironment\apache-maven-3.6.1\maven-repo\org\springframework\spring-web\5.3.7\spring-web-5.3.7.jar;E:\environment\mavenEvironment\apache-maven-3.6.1\maven-repo\org\springframework\spring-webmvc\5.3.7\spring-webmvc-5.3.7.jar;E:\environment\mavenEvironment\apache-maven-3.6.1\maven-repo\org\springframework\spring-expression\5.3.7\spring-expression-5.3.7.jar;E:\environment\mavenEvironment\apache-maven-3.6.1\maven-repo\org\springframework\boot\spring-boot-starter-test\2.5.0\spring-boot-starter-test-2.5.0.jar;E:\environment\mavenEvironment\apache-maven-3.6.1\maven-repo\org\springframework\boot\spring-boot-test\2.5.0\spring-boot-test-2.5.0.jar;E:\environment\mavenEvironment\apache-maven-3.6.1\maven-repo\org\springframework\boot\spring-boot-test-autoconfigure\2.5.0\spring-boot-test-autoconfigure-2.5.0.jar;E:\environment\mavenEvironment\apache-maven-3.6.1\maven-repo\com\jayway\jsonpath\json-path\2.5.0\json-path-2.5.0.jar;E:\environment\mavenEvironment\apache-maven-3.6.1\maven-repo\net\minidev\json-smart\2.4.7\json-smart-2.4.7.jar;E:\environment\mavenEvironment\apache-maven-3.6.1\maven-repo\net\minidev\accessors-smart\2.4.7\accessors-smart-2.4.7.jar;E:\environment\mavenEvironment\apache-maven-3.6.1\maven-repo\org\ow2\asm\asm\9.1\asm-9.1.jar;E:\environment\mavenEvironment\apache-maven-3.6.1\maven-repo\jakarta\xml\bind\jakarta.xml.bind-api\2.3.3\jakarta.xml.bind-api-2.3.3.jar;E:\environment\mavenEvironment\apache-maven-3.6.1\maven-repo\jakarta\activation\jakarta.activation-api\1.2.2\jakarta.activation-api-1.2.2.jar;E:\environment\mavenEvironment\apache-maven-3.6.1\maven-repo\org\assertj\assertj-core\3.19.0\assertj-core-3.19.0.jar;E:\environment\mavenEvironment\apache-maven-3.6.1\maven-repo\org\hamcrest\hamcrest\2.2\hamcrest-2.2.jar;E:\environment\mavenEvironment\apache-maven-3.6.1\maven-repo\org\junit\jupiter\junit-jupiter\5.7.2\junit-jupiter-5.7.2.jar;E:\environment\mavenEvironment\apache-maven-3.6.1\maven-repo\org\junit\jupiter\junit-jupiter-api\5.7.2\junit-jupiter-api-5.7.2.jar;E:\environment\mavenEvironment\apache-maven-3.6.1\maven-repo\org\apiguardian\apiguardian-api\1.1.0\apiguardian-api-1.1.0.jar;E:\environment\mavenEvironment\apache-maven-3.6.1\maven-repo\org\opentest4j\opentest4j\1.2.0\opentest4j-1.2.0.jar;E:\environment\mavenEvironment\apache-maven-3.6.1\maven-repo\org\junit\platform\junit-platform-commons\1.7.2\junit-platform-commons-1.7.2.jar;E:\environment\mavenEvironment\apache-maven-3.6.1\maven-repo\org\junit\jupiter\junit-jupiter-params\5.7.2\junit-jupiter-params-5.7.2.jar;E:\environment\mavenEvironment\apache-maven-3.6.1\maven-repo\org\junit\jupiter\junit-jupiter-engine\5.7.2\junit-jupiter-engine-5.7.2.jar;E:\environment\mavenEvironment\apache-maven-3.6.1\maven-repo\org\junit\platform\junit-platform-engine\1.7.2\junit-platform-engine-1.7.2.jar;E:\environment\mavenEvironment\apache-maven-3.6.1\maven-repo\org\mockito\mockito-core\3.9.0\mockito-core-3.9.0.jar;E:\environment\mavenEvironment\apache-maven-3.6.1\maven-repo\net\bytebuddy\byte-buddy\1.10.22\byte-buddy-1.10.22.jar;E:\environment\mavenEvironment\apache-maven-3.6.1\maven-repo\net\bytebuddy\byte-buddy-agent\1.10.22\byte-buddy-agent-1.10.22.jar;E:\environment\mavenEvironment\apache-maven-3.6.1\maven-repo\org\objenesis\objenesis\3.2\objenesis-3.2.jar;E:\environment\mavenEvironment\apache-maven-3.6.1\maven-repo\org\mockito\mockito-junit-jupiter\3.9.0\mockito-junit-jupiter-3.9.0.jar;E:\environment\mavenEvironment\apache-maven-3.6.1\maven-repo\org\skyscreamer\jsonassert\1.5.0\jsonassert-1.5.0.jar;E:\environment\mavenEvironment\apache-maven-3.6.1\maven-repo\com\vaadin\external\google\android-json\0.0.20131108.vaadin1\android-json-0.0.20131108.vaadin1.jar;E:\environment\mavenEvironment\apache-maven-3.6.1\maven-repo\org\springframework\spring-test\5.3.7\spring-test-5.3.7.jar;E:\environment\mavenEvironment\apache-maven-3.6.1\maven-repo\org\xmlunit\xmlunit-core\2.8.2\xmlunit-core-2.8.2.jar;E:\environment\mavenEvironment\apache-maven-3.6.1\maven-repo\org\springframework\boot\spring-boot-starter-data-redis\2.5.0\spring-boot-starter-data-redis-2.5.0.jar;E:\environment\mavenEvironment\apache-maven-3.6.1\maven-repo\org\springframework\data\spring-data-redis\2.5.1\spring-data-redis-2.5.1.jar;E:\environment\mavenEvironment\apache-maven-3.6.1\maven-repo\org\springframework\data\spring-data-keyvalue\2.5.1\spring-data-keyvalue-2.5.1.jar;E:\environment\mavenEvironment\apache-maven-3.6.1\maven-repo\org\springframework\data\spring-data-commons\2.5.1\spring-data-commons-2.5.1.jar;E:\environment\mavenEvironment\apache-maven-3.6.1\maven-repo\org\springframework\spring-tx\5.3.7\spring-tx-5.3.7.jar;E:\environment\mavenEvironment\apache-maven-3.6.1\maven-repo\org\springframework\spring-oxm\5.3.7\spring-oxm-5.3.7.jar;E:\environment\mavenEvironment\apache-maven-3.6.1\maven-repo\io\lettuce\lettuce-core\6.1.2.RELEASE\lettuce-core-6.1.2.RELEASE.jar;E:\environment\mavenEvironment\apache-maven-3.6.1\maven-repo\io\netty\netty-common\4.1.65.Final\netty-common-4.1.65.Final.jar;E:\environment\mavenEvironment\apache-maven-3.6.1\maven-repo\io\netty\netty-handler\4.1.65.Final\netty-handler-4.1.65.Final.jar;E:\environment\mavenEvironment\apache-maven-3.6.1\maven-repo\io\netty\netty-resolver\4.1.65.Final\netty-resolver-4.1.65.Final.jar;E:\environment\mavenEvironment\apache-maven-3.6.1\maven-repo\io\netty\netty-buffer\4.1.65.Final\netty-buffer-4.1.65.Final.jar;E:\environment\mavenEvironment\apache-maven-3.6.1\maven-repo\io\netty\netty-codec\4.1.65.Final\netty-codec-4.1.65.Final.jar;E:\environment\mavenEvironment\apache-maven-3.6.1\maven-repo\io\netty\netty-transport\4.1.65.Final\netty-transport-4.1.65.Final.jar;E:\environment\mavenEvironment\apache-maven-3.6.1\maven-repo\io\projectreactor\reactor-core\3.4.6\reactor-core-3.4.6.jar;E:\environment\mavenEvironment\apache-maven-3.6.1\maven-repo\org\reactivestreams\reactive-streams\1.0.3\reactive-streams-1.0.3.jar;E:\environment\mavenEvironment\apache-maven-3.6.1\maven-repo\com\alibaba\fastjson\1.2.76\fastjson-1.2.76.jar;E:\environment\mavenEvironment\apache-maven-3.6.1\maven-repo\mysql\mysql-connector-java\8.0.25\mysql-connector-java-8.0.25.jar;E:\environment\mavenEvironment\apache-maven-3.6.1\maven-repo\org\springframework\boot\spring-boot-configuration-processor\2.5.0\spring-boot-configuration-processor-2.5.0.jar;E:\environment\mavenEvironment\apache-maven-3.6.1\maven-repo\org\apache\commons\commons-lang3\3.12.0\commons-lang3-3.12.0.jar;E:\environment\mavenEvironment\apache-maven-3.6.1\maven-repo\commons-collections\commons-collections\3.2.2\commons-collections-3.2.2.jar;E:\environment\mavenEvironment\apache-maven-3.6.1\maven-repo\com\baomidou\mybatis-plus-boot-starter\3.4.3\mybatis-plus-boot-starter-3.4.3.jar;E:\environment\mavenEvironment\apache-maven-3.6.1\maven-repo\com\baomidou\mybatis-plus\3.4.3\mybatis-plus-3.4.3.jar;E:\environment\mavenEvironment\apache-maven-3.6.1\maven-repo\com\baomidou\mybatis-plus-extension\3.4.3\mybatis-plus-extension-3.4.3.jar;E:\environment\mavenEvironment\apache-maven-3.6.1\maven-repo\com\baomidou\mybatis-plus-core\3.4.3\mybatis-plus-core-3.4.3.jar;E:\environment\mavenEvironment\apache-maven-3.6.1\maven-repo\com\baomidou\mybatis-plus-annotation\3.4.3\mybatis-plus-annotation-3.4.3.jar;E:\environment\mavenEvironment\apache-maven-3.6.1\maven-repo\com\github\jsqlparser\jsqlparser\4.0\jsqlparser-4.0.jar;E:\environment\mavenEvironment\apache-maven-3.6.1\maven-repo\org\mybatis\mybatis\3.5.7\mybatis-3.5.7.jar;E:\environment\mavenEvironment\apache-maven-3.6.1\maven-repo\org\mybatis\mybatis-spring\2.0.6\mybatis-spring-2.0.6.jar;E:\environment\mavenEvironment\apache-maven-3.6.1\maven-repo\org\springframework\boot\spring-boot-starter-jdbc\2.5.0\spring-boot-starter-jdbc-2.5.0.jar;E:\environment\mavenEvironment\apache-maven-3.6.1\maven-repo\com\zaxxer\HikariCP\4.0.3\HikariCP-4.0.3.jar;E:\environment\mavenEvironment\apache-maven-3.6.1\maven-repo\org\springframework\spring-jdbc\5.3.7\spring-jdbc-5.3.7.jar;E:\environment\mavenEvironment\apache-maven-3.6.1\maven-repo\org\projectlombok\lombok\1.18.20\lombok-1.18.20.jar;E:\environment\mavenEvironment\apache-maven-3.6.1\maven-repo\joda-time\joda-time\2.10.10\joda-time-2.10.10.jar;E:\environment\mavenEvironment\apache-maven-3.6.1\maven-repo\io\jsonwebtoken\jjwt\0.9.1\jjwt-0.9.1.jar;E:\environment\mavenEvironment\apache-maven-3.6.1\maven-repo\com\fasterxml\jackson\core\jackson-databind\2.12.3\jackson-databind-2.12.3.jar;E:\environment\mavenEvironment\apache-maven-3.6.1\maven-repo\com\fasterxml\jackson\core\jackson-annotations\2.12.3\jackson-annotations-2.12.3.jar;E:\environment\mavenEvironment\apache-maven-3.6.1\maven-repo\com\fasterxml\jackson\core\jackson-core\2.12.3\jackson-core-2.12.3.jar;E:\environment\mavenEvironment\apache-maven-3.6.1\maven-repo\io\jsonwebtoken\jjwt-api\0.11.1\jjwt-api-0.11.1.jar;E:\environment\mavenEvironment\apache-maven-3.6.1\maven-repo\commons-codec\commons-codec\1.15\commons-codec-1.15.jar;E:\environment\mavenEvironment\apache-maven-3.6.1\maven-repo\com\qiniu\qiniu-java-sdk\7.10.4\qiniu-java-sdk-7.10.4.jar;E:\environment\mavenEvironment\apache-maven-3.6.1\maven-repo\com\squareup\okhttp3\okhttp\3.14.9\okhttp-3.14.9.jar;E:\environment\mavenEvironment\apache-maven-3.6.1\maven-repo\com\squareup\okio\okio\1.17.2\okio-1.17.2.jar;E:\environment\mavenEvironment\apache-maven-3.6.1\maven-repo\com\google\code\gson\gson\2.8.6\gson-2.8.6.jar;"/>
    <property name="java.vm.vendor" value="Oracle Corporation"/>
    <property name="sun.arch.data.model" value="64"/>
    <property name="user.variant" value=""/>
    <property name="java.vendor.url" value="http://java.oracle.com/"/>
    <property name="user.timezone" value="Asia/Shanghai"/>
    <property name="java.vm.specification.version" value="1.8"/>
    <property name="os.name" value="Windows 10"/>
    <property name="user.country" value="CN"/>
    <property name="sun.java.launcher" value="SUN_STANDARD"/>
    <property name="sun.boot.library.path" value="E:\environment\javaEnvironment\jdk\jre\bin"/>
    <property name="sun.java.command" value="C:\Users\HUANGY~1\AppData\Local\Temp\surefire4427292668910563476\surefirebooter1340656959347593418.jar C:\Users\Huangyujun\AppData\Local\Temp\surefire4427292668910563476 2022-06-25T09-34-33_982-jvmRun1 surefire3335342782918826467tmp surefire_08900803410232138171tmp"/>
    <property name="surefire.test.class.path" value="F:\springbootProjects\shanBlog\blog-parent\blog-api\target\test-classes;F:\springbootProjects\shanBlog\blog-parent\blog-api\target\classes;E:\environment\mavenEvironment\apache-maven-3.6.1\maven-repo\org\springframework\boot\spring-boot-starter\2.5.0\spring-boot-starter-2.5.0.jar;E:\environment\mavenEvironment\apache-maven-3.6.1\maven-repo\org\springframework\boot\spring-boot\2.5.0\spring-boot-2.5.0.jar;E:\environment\mavenEvironment\apache-maven-3.6.1\maven-repo\org\springframework\spring-context\5.3.7\spring-context-5.3.7.jar;E:\environment\mavenEvironment\apache-maven-3.6.1\maven-repo\org\springframework\boot\spring-boot-autoconfigure\2.5.0\spring-boot-autoconfigure-2.5.0.jar;E:\environment\mavenEvironment\apache-maven-3.6.1\maven-repo\jakarta\annotation\jakarta.annotation-api\1.3.5\jakarta.annotation-api-1.3.5.jar;E:\environment\mavenEvironment\apache-maven-3.6.1\maven-repo\org\springframework\spring-core\5.3.7\spring-core-5.3.7.jar;E:\environment\mavenEvironment\apache-maven-3.6.1\maven-repo\org\springframework\spring-jcl\5.3.7\spring-jcl-5.3.7.jar;E:\environment\mavenEvironment\apache-maven-3.6.1\maven-repo\org\yaml\snakeyaml\1.28\snakeyaml-1.28.jar;E:\environment\mavenEvironment\apache-maven-3.6.1\maven-repo\org\springframework\boot\spring-boot-starter-log4j2\2.5.0\spring-boot-starter-log4j2-2.5.0.jar;E:\environment\mavenEvironment\apache-maven-3.6.1\maven-repo\org\apache\logging\log4j\log4j-slf4j-impl\2.14.1\log4j-slf4j-impl-2.14.1.jar;E:\environment\mavenEvironment\apache-maven-3.6.1\maven-repo\org\slf4j\slf4j-api\1.7.30\slf4j-api-1.7.30.jar;E:\environment\mavenEvironment\apache-maven-3.6.1\maven-repo\org\apache\logging\log4j\log4j-api\2.14.1\log4j-api-2.14.1.jar;E:\environment\mavenEvironment\apache-maven-3.6.1\maven-repo\org\apache\logging\log4j\log4j-core\2.14.1\log4j-core-2.14.1.jar;E:\environment\mavenEvironment\apache-maven-3.6.1\maven-repo\org\apache\logging\log4j\log4j-jul\2.14.1\log4j-jul-2.14.1.jar;E:\environment\mavenEvironment\apache-maven-3.6.1\maven-repo\org\slf4j\jul-to-slf4j\1.7.30\jul-to-slf4j-1.7.30.jar;E:\environment\mavenEvironment\apache-maven-3.6.1\maven-repo\org\springframework\boot\spring-boot-starter-aop\2.5.0\spring-boot-starter-aop-2.5.0.jar;E:\environment\mavenEvironment\apache-maven-3.6.1\maven-repo\org\springframework\spring-aop\5.3.7\spring-aop-5.3.7.jar;E:\environment\mavenEvironment\apache-maven-3.6.1\maven-repo\org\springframework\spring-beans\5.3.7\spring-beans-5.3.7.jar;E:\environment\mavenEvironment\apache-maven-3.6.1\maven-repo\org\aspectj\aspectjweaver\1.9.6\aspectjweaver-1.9.6.jar;E:\environment\mavenEvironment\apache-maven-3.6.1\maven-repo\org\springframework\boot\spring-boot-starter-mail\2.5.0\spring-boot-starter-mail-2.5.0.jar;E:\environment\mavenEvironment\apache-maven-3.6.1\maven-repo\org\springframework\spring-context-support\5.3.7\spring-context-support-5.3.7.jar;E:\environment\mavenEvironment\apache-maven-3.6.1\maven-repo\com\sun\mail\jakarta.mail\1.6.7\jakarta.mail-1.6.7.jar;E:\environment\mavenEvironment\apache-maven-3.6.1\maven-repo\com\sun\activation\jakarta.activation\1.2.2\jakarta.activation-1.2.2.jar;E:\environment\mavenEvironment\apache-maven-3.6.1\maven-repo\org\springframework\boot\spring-boot-starter-web\2.5.0\spring-boot-starter-web-2.5.0.jar;E:\environment\mavenEvironment\apache-maven-3.6.1\maven-repo\org\springframework\boot\spring-boot-starter-json\2.5.0\spring-boot-starter-json-2.5.0.jar;E:\environment\mavenEvironment\apache-maven-3.6.1\maven-repo\com\fasterxml\jackson\datatype\jackson-datatype-jdk8\2.12.3\jackson-datatype-jdk8-2.12.3.jar;E:\environment\mavenEvironment\apache-maven-3.6.1\maven-repo\com\fasterxml\jackson\datatype\jackson-datatype-jsr310\2.12.3\jackson-datatype-jsr310-2.12.3.jar;E:\environment\mavenEvironment\apache-maven-3.6.1\maven-repo\com\fasterxml\jackson\module\jackson-module-parameter-names\2.12.3\jackson-module-parameter-names-2.12.3.jar;E:\environment\mavenEvironment\apache-maven-3.6.1\maven-repo\org\springframework\boot\spring-boot-starter-tomcat\2.5.0\spring-boot-starter-tomcat-2.5.0.jar;E:\environment\mavenEvironment\apache-maven-3.6.1\maven-repo\org\apache\tomcat\embed\tomcat-embed-core\9.0.46\tomcat-embed-core-9.0.46.jar;E:\environment\mavenEvironment\apache-maven-3.6.1\maven-repo\org\apache\tomcat\embed\tomcat-embed-el\9.0.46\tomcat-embed-el-9.0.46.jar;E:\environment\mavenEvironment\apache-maven-3.6.1\maven-repo\org\apache\tomcat\embed\tomcat-embed-websocket\9.0.46\tomcat-embed-websocket-9.0.46.jar;E:\environment\mavenEvironment\apache-maven-3.6.1\maven-repo\org\springframework\spring-web\5.3.7\spring-web-5.3.7.jar;E:\environment\mavenEvironment\apache-maven-3.6.1\maven-repo\org\springframework\spring-webmvc\5.3.7\spring-webmvc-5.3.7.jar;E:\environment\mavenEvironment\apache-maven-3.6.1\maven-repo\org\springframework\spring-expression\5.3.7\spring-expression-5.3.7.jar;E:\environment\mavenEvironment\apache-maven-3.6.1\maven-repo\org\springframework\boot\spring-boot-starter-test\2.5.0\spring-boot-starter-test-2.5.0.jar;E:\environment\mavenEvironment\apache-maven-3.6.1\maven-repo\org\springframework\boot\spring-boot-test\2.5.0\spring-boot-test-2.5.0.jar;E:\environment\mavenEvironment\apache-maven-3.6.1\maven-repo\org\springframework\boot\spring-boot-test-autoconfigure\2.5.0\spring-boot-test-autoconfigure-2.5.0.jar;E:\environment\mavenEvironment\apache-maven-3.6.1\maven-repo\com\jayway\jsonpath\json-path\2.5.0\json-path-2.5.0.jar;E:\environment\mavenEvironment\apache-maven-3.6.1\maven-repo\net\minidev\json-smart\2.4.7\json-smart-2.4.7.jar;E:\environment\mavenEvironment\apache-maven-3.6.1\maven-repo\net\minidev\accessors-smart\2.4.7\accessors-smart-2.4.7.jar;E:\environment\mavenEvironment\apache-maven-3.6.1\maven-repo\org\ow2\asm\asm\9.1\asm-9.1.jar;E:\environment\mavenEvironment\apache-maven-3.6.1\maven-repo\jakarta\xml\bind\jakarta.xml.bind-api\2.3.3\jakarta.xml.bind-api-2.3.3.jar;E:\environment\mavenEvironment\apache-maven-3.6.1\maven-repo\jakarta\activation\jakarta.activation-api\1.2.2\jakarta.activation-api-1.2.2.jar;E:\environment\mavenEvironment\apache-maven-3.6.1\maven-repo\org\assertj\assertj-core\3.19.0\assertj-core-3.19.0.jar;E:\environment\mavenEvironment\apache-maven-3.6.1\maven-repo\org\hamcrest\hamcrest\2.2\hamcrest-2.2.jar;E:\environment\mavenEvironment\apache-maven-3.6.1\maven-repo\org\junit\jupiter\junit-jupiter\5.7.2\junit-jupiter-5.7.2.jar;E:\environment\mavenEvironment\apache-maven-3.6.1\maven-repo\org\junit\jupiter\junit-jupiter-api\5.7.2\junit-jupiter-api-5.7.2.jar;E:\environment\mavenEvironment\apache-maven-3.6.1\maven-repo\org\apiguardian\apiguardian-api\1.1.0\apiguardian-api-1.1.0.jar;E:\environment\mavenEvironment\apache-maven-3.6.1\maven-repo\org\opentest4j\opentest4j\1.2.0\opentest4j-1.2.0.jar;E:\environment\mavenEvironment\apache-maven-3.6.1\maven-repo\org\junit\platform\junit-platform-commons\1.7.2\junit-platform-commons-1.7.2.jar;E:\environment\mavenEvironment\apache-maven-3.6.1\maven-repo\org\junit\jupiter\junit-jupiter-params\5.7.2\junit-jupiter-params-5.7.2.jar;E:\environment\mavenEvironment\apache-maven-3.6.1\maven-repo\org\junit\jupiter\junit-jupiter-engine\5.7.2\junit-jupiter-engine-5.7.2.jar;E:\environment\mavenEvironment\apache-maven-3.6.1\maven-repo\org\junit\platform\junit-platform-engine\1.7.2\junit-platform-engine-1.7.2.jar;E:\environment\mavenEvironment\apache-maven-3.6.1\maven-repo\org\mockito\mockito-core\3.9.0\mockito-core-3.9.0.jar;E:\environment\mavenEvironment\apache-maven-3.6.1\maven-repo\net\bytebuddy\byte-buddy\1.10.22\byte-buddy-1.10.22.jar;E:\environment\mavenEvironment\apache-maven-3.6.1\maven-repo\net\bytebuddy\byte-buddy-agent\1.10.22\byte-buddy-agent-1.10.22.jar;E:\environment\mavenEvironment\apache-maven-3.6.1\maven-repo\org\objenesis\objenesis\3.2\objenesis-3.2.jar;E:\environment\mavenEvironment\apache-maven-3.6.1\maven-repo\org\mockito\mockito-junit-jupiter\3.9.0\mockito-junit-jupiter-3.9.0.jar;E:\environment\mavenEvironment\apache-maven-3.6.1\maven-repo\org\skyscreamer\jsonassert\1.5.0\jsonassert-1.5.0.jar;E:\environment\mavenEvironment\apache-maven-3.6.1\maven-repo\com\vaadin\external\google\android-json\0.0.20131108.vaadin1\android-json-0.0.20131108.vaadin1.jar;E:\environment\mavenEvironment\apache-maven-3.6.1\maven-repo\org\springframework\spring-test\5.3.7\spring-test-5.3.7.jar;E:\environment\mavenEvironment\apache-maven-3.6.1\maven-repo\org\xmlunit\xmlunit-core\2.8.2\xmlunit-core-2.8.2.jar;E:\environment\mavenEvironment\apache-maven-3.6.1\maven-repo\org\springframework\boot\spring-boot-starter-data-redis\2.5.0\spring-boot-starter-data-redis-2.5.0.jar;E:\environment\mavenEvironment\apache-maven-3.6.1\maven-repo\org\springframework\data\spring-data-redis\2.5.1\spring-data-redis-2.5.1.jar;E:\environment\mavenEvironment\apache-maven-3.6.1\maven-repo\org\springframework\data\spring-data-keyvalue\2.5.1\spring-data-keyvalue-2.5.1.jar;E:\environment\mavenEvironment\apache-maven-3.6.1\maven-repo\org\springframework\data\spring-data-commons\2.5.1\spring-data-commons-2.5.1.jar;E:\environment\mavenEvironment\apache-maven-3.6.1\maven-repo\org\springframework\spring-tx\5.3.7\spring-tx-5.3.7.jar;E:\environment\mavenEvironment\apache-maven-3.6.1\maven-repo\org\springframework\spring-oxm\5.3.7\spring-oxm-5.3.7.jar;E:\environment\mavenEvironment\apache-maven-3.6.1\maven-repo\io\lettuce\lettuce-core\6.1.2.RELEASE\lettuce-core-6.1.2.RELEASE.jar;E:\environment\mavenEvironment\apache-maven-3.6.1\maven-repo\io\netty\netty-common\4.1.65.Final\netty-common-4.1.65.Final.jar;E:\environment\mavenEvironment\apache-maven-3.6.1\maven-repo\io\netty\netty-handler\4.1.65.Final\netty-handler-4.1.65.Final.jar;E:\environment\mavenEvironment\apache-maven-3.6.1\maven-repo\io\netty\netty-resolver\4.1.65.Final\netty-resolver-4.1.65.Final.jar;E:\environment\mavenEvironment\apache-maven-3.6.1\maven-repo\io\netty\netty-buffer\4.1.65.Final\netty-buffer-4.1.65.Final.jar;E:\environment\mavenEvironment\apache-maven-3.6.1\maven-repo\io\netty\netty-codec\4.1.65.Final\netty-codec-4.1.65.Final.jar;E:\environment\mavenEvironment\apache-maven-3.6.1\maven-repo\io\netty\netty-transport\4.1.65.Final\netty-transport-4.1.65.Final.jar;E:\environment\mavenEvironment\apache-maven-3.6.1\maven-repo\io\projectreactor\reactor-core\3.4.6\reactor-core-3.4.6.jar;E:\environment\mavenEvironment\apache-maven-3.6.1\maven-repo\org\reactivestreams\reactive-streams\1.0.3\reactive-streams-1.0.3.jar;E:\environment\mavenEvironment\apache-maven-3.6.1\maven-repo\com\alibaba\fastjson\1.2.76\fastjson-1.2.76.jar;E:\environment\mavenEvironment\apache-maven-3.6.1\maven-repo\mysql\mysql-connector-java\8.0.25\mysql-connector-java-8.0.25.jar;E:\environment\mavenEvironment\apache-maven-3.6.1\maven-repo\org\springframework\boot\spring-boot-configuration-processor\2.5.0\spring-boot-configuration-processor-2.5.0.jar;E:\environment\mavenEvironment\apache-maven-3.6.1\maven-repo\org\apache\commons\commons-lang3\3.12.0\commons-lang3-3.12.0.jar;E:\environment\mavenEvironment\apache-maven-3.6.1\maven-repo\commons-collections\commons-collections\3.2.2\commons-collections-3.2.2.jar;E:\environment\mavenEvironment\apache-maven-3.6.1\maven-repo\com\baomidou\mybatis-plus-boot-starter\3.4.3\mybatis-plus-boot-starter-3.4.3.jar;E:\environment\mavenEvironment\apache-maven-3.6.1\maven-repo\com\baomidou\mybatis-plus\3.4.3\mybatis-plus-3.4.3.jar;E:\environment\mavenEvironment\apache-maven-3.6.1\maven-repo\com\baomidou\mybatis-plus-extension\3.4.3\mybatis-plus-extension-3.4.3.jar;E:\environment\mavenEvironment\apache-maven-3.6.1\maven-repo\com\baomidou\mybatis-plus-core\3.4.3\mybatis-plus-core-3.4.3.jar;E:\environment\mavenEvironment\apache-maven-3.6.1\maven-repo\com\baomidou\mybatis-plus-annotation\3.4.3\mybatis-plus-annotation-3.4.3.jar;E:\environment\mavenEvironment\apache-maven-3.6.1\maven-repo\com\github\jsqlparser\jsqlparser\4.0\jsqlparser-4.0.jar;E:\environment\mavenEvironment\apache-maven-3.6.1\maven-repo\org\mybatis\mybatis\3.5.7\mybatis-3.5.7.jar;E:\environment\mavenEvironment\apache-maven-3.6.1\maven-repo\org\mybatis\mybatis-spring\2.0.6\mybatis-spring-2.0.6.jar;E:\environment\mavenEvironment\apache-maven-3.6.1\maven-repo\org\springframework\boot\spring-boot-starter-jdbc\2.5.0\spring-boot-starter-jdbc-2.5.0.jar;E:\environment\mavenEvironment\apache-maven-3.6.1\maven-repo\com\zaxxer\HikariCP\4.0.3\HikariCP-4.0.3.jar;E:\environment\mavenEvironment\apache-maven-3.6.1\maven-repo\org\springframework\spring-jdbc\5.3.7\spring-jdbc-5.3.7.jar;E:\environment\mavenEvironment\apache-maven-3.6.1\maven-repo\org\projectlombok\lombok\1.18.20\lombok-1.18.20.jar;E:\environment\mavenEvironment\apache-maven-3.6.1\maven-repo\joda-time\joda-time\2.10.10\joda-time-2.10.10.jar;E:\environment\mavenEvironment\apache-maven-3.6.1\maven-repo\io\jsonwebtoken\jjwt\0.9.1\jjwt-0.9.1.jar;E:\environment\mavenEvironment\apache-maven-3.6.1\maven-repo\com\fasterxml\jackson\core\jackson-databind\2.12.3\jackson-databind-2.12.3.jar;E:\environment\mavenEvironment\apache-maven-3.6.1\maven-repo\com\fasterxml\jackson\core\jackson-annotations\2.12.3\jackson-annotations-2.12.3.jar;E:\environment\mavenEvironment\apache-maven-3.6.1\maven-repo\com\fasterxml\jackson\core\jackson-core\2.12.3\jackson-core-2.12.3.jar;E:\environment\mavenEvironment\apache-maven-3.6.1\maven-repo\io\jsonwebtoken\jjwt-api\0.11.1\jjwt-api-0.11.1.jar;E:\environment\mavenEvironment\apache-maven-3.6.1\maven-repo\commons-codec\commons-codec\1.15\commons-codec-1.15.jar;E:\environment\mavenEvironment\apache-maven-3.6.1\maven-repo\com\qiniu\qiniu-java-sdk\7.10.4\qiniu-java-sdk-7.10.4.jar;E:\environment\mavenEvironment\apache-maven-3.6.1\maven-repo\com\squareup\okhttp3\okhttp\3.14.9\okhttp-3.14.9.jar;E:\environment\mavenEvironment\apache-maven-3.6.1\maven-repo\com\squareup\okio\okio\1.17.2\okio-1.17.2.jar;E:\environment\mavenEvironment\apache-maven-3.6.1\maven-repo\com\google\code\gson\gson\2.8.6\gson-2.8.6.jar;"/>
    <property name="sun.cpu.endian" value="little"/>
    <property name="user.home" value="C:\Users\Huangyujun"/>
    <property name="user.language" value="zh"/>
    <property name="java.specification.vendor" value="Oracle Corporation"/>
    <property name="java.home" value="E:\environment\javaEnvironment\jdk\jre"/>
    <property name="basedir" value="F:\springbootProjects\shanBlog\blog-parent\blog-api"/>
    <property name="file.separator" value="\"/>
    <property name="line.separator" value="&#10;"/>
    <property name="java.vm.specification.vendor" value="Oracle Corporation"/>
    <property name="java.specification.name" value="Java Platform API Specification"/>
    <property name="java.awt.graphicsenv" value="sun.awt.Win32GraphicsEnvironment"/>
    <property name="surefire.real.class.path" value="C:\Users\HUANGY~1\AppData\Local\Temp\surefire4427292668910563476\surefirebooter1340656959347593418.jar"/>
    <property name="sun.boot.class.path" value="E:\environment\javaEnvironment\jdk\jre\lib\resources.jar;E:\environment\javaEnvironment\jdk\jre\lib\rt.jar;E:\environment\javaEnvironment\jdk\jre\lib\sunrsasign.jar;E:\environment\javaEnvironment\jdk\jre\lib\jsse.jar;E:\environment\javaEnvironment\jdk\jre\lib\jce.jar;E:\environment\javaEnvironment\jdk\jre\lib\charsets.jar;E:\environment\javaEnvironment\jdk\jre\lib\jfr.jar;E:\environment\javaEnvironment\jdk\jre\classes"/>
    <property name="user.script" value=""/>
    <property name="sun.management.compiler" value="HotSpot 64-Bit Tiered Compilers"/>
    <property name="java.runtime.version" value="1.8.0_301-b09"/>
    <property name="user.name" value="Huangyujun"/>
    <property name="path.separator" value=";"/>
    <property name="os.version" value="10.0"/>
    <property name="java.endorsed.dirs" value="E:\environment\javaEnvironment\jdk\jre\lib\endorsed"/>
    <property name="java.runtime.name" value="Java(TM) SE Runtime Environment"/>
    <property name="file.encoding" value="GBK"/>
    <property name="java.vm.name" value="Java HotSpot(TM) 64-Bit Server VM"/>
    <property name="localRepository" value="E:\environment\mavenEvironment\apache-maven-3.6.1\maven-repo"/>
    <property name="java.vendor.url.bug" value="http://bugreport.sun.com/bugreport/"/>
    <property name="java.io.tmpdir" value="C:\Users\HUANGY~1\AppData\Local\Temp\"/>
    <property name="idea.version" value="2020.3"/>
    <property name="java.version" value="1.8.0_301"/>
    <property name="user.dir" value="F:\springbootProjects\shanBlog\blog-parent\blog-api"/>
    <property name="os.arch" value="amd64"/>
    <property name="java.vm.specification.name" value="Java Virtual Machine Specification"/>
    <property name="java.awt.printerjob" value="sun.awt.windows.WPrinterJob"/>
    <property name="sun.os.patch.level" value=""/>
    <property name="java.library.path" value="E:\environment\javaEnvironment\jdk\jre\bin;C:\WINDOWS\Sun\Java\bin;C:\WINDOWS\system32;C:\WINDOWS;C:\Windows\system32;C:\Windows;C:\Windows\System32\Wbem;C:\Windows\System32\WindowsPowerShell\v1.0\;C:\Windows\System32\OpenSSH\;C:\Program Files (x86)\NVIDIA Corporation\PhysX\Common;C:\Program Files\NVIDIA Corporation\NVIDIA NvDLISR;C:\WINDOWS\system32;C:\WINDOWS;C:\WINDOWS\System32\Wbem;C:\WINDOWS\System32\WindowsPowerShell\v1.0\;C:\WINDOWS\System32\OpenSSH\;E:\environment\javaEnvironment\jdk\bin;E:\environment\javaEnvironment\jdk\jre\bin;E:\environment\mySqlEnvironment\mysql-5.7.36-winx64\bin;E:\environment\tomcatEnvironment\apache-tomcat-9.0.52\bin;E:\environment\mavenEvironment\apache-maven-3.6.1\bin;E:\environment\gitEnvironment\git\bin;E:\environment\gitEnvironment\git\mingw64\libexec\git-core;E:\environment\gitEnvironment\git\mingw64\bin;E:\environment\nodeEnvironment\node\node-v14\;E:\environment\nodeEnvironment\node\node-v14\node_global;E:\environment\nodeEnvironment\node\node-v14\node_cache;E:\environment\gradleEnvironment\gradle-6.6\bin;C:\Users\Huangyujun\AppData\Local\Microsoft\WindowsApps;D:\BANDIZIP\;D:\bandizips\Bandizip\;D:\IntelliJIDEA2020.3\IntelliJIDEA2020.3\IntelliJ IDEA 2020.3\bin;;D:\WebStorm-2020.3.3\WebStorm\WebStorm 2020.3.3\bin;;."/>
    <property name="java.vm.info" value="mixed mode"/>
    <property name="java.vendor" value="Oracle Corporation"/>
    <property name="java.vm.version" value="25.301-b09"/>
    <property name="java.ext.dirs" value="E:\environment\javaEnvironment\jdk\jre\lib\ext;C:\WINDOWS\Sun\Java\lib\ext"/>
    <property name="sun.io.unicode.encoding" value="UnicodeLittle"/>
    <property name="maven.repo.local" value="E:\environment\mavenEvironment\apache-maven-3.6.1\maven-repo"/>
    <property name="java.class.version" value="52.0"/>
  </properties>
  <testcase name="contextLoads" classname="com.shan.BlogApiApplicationTests" time="0.283"/>
</testsuite>